<?xml version="1.0" encoding="UTF-8"?>
<testsuite xmlns:xsi="http://www.w3.org/2001/XMLSchema-instance" xsi:noNamespaceSchemaLocation="https://maven.apache.org/surefire/maven-failsafe-plugin/xsd/failsafe-test-report-3.0.xsd" version="3.0" name="Duckduckgo automated test" time="4.429" tests="1" errors="0" skipped="0" failures="0">
  <properties>
[...]
</properties>
  <testcase name="Navigating to duck duck go and search for the gov.uk website" classname="Duckduckgo automated test" time="4.429">
    <system-out><![CDATA[

2
 Scenarios (
&amp#27;[32m2 passed&amp#27;[0m
)


10
 Steps (
&amp#27;[32m10 passed&amp#27;[0m
)


0m
4.601s






15:42:39.916 [pool-2-thread-1] INFO  n.t.core.reports.ReportService - net.thucydides.core.reports.json.JSONTestOutcomeReporter@58f07f02: Generating report for test outcome: Automated API Test using restassured:GET employee data

15:42:39.917 [pool-2-thread-2] INFO  n.t.core.reports.ReportService - net.thucydides.core.reports.json.JSONTestOutcomeReporter@58f07f02: Generating report for test outcome: Duckduckgo automated test:Navigating to duck duck go and search for the gov.uk website

15:42:39.940 [pool-3-thread-1] INFO  n.t.core.reports.ReportService - net.thucydides.core.reports.html.HtmlAcceptanceTestReporter@46cb98a3: Generating report for test outcome: Automated API Test using restassured:GET employee data

15:42:39.941 [pool-3-thread-2] INFO  n.t.core.reports.ReportService - net.thucydides.core.reports.html.HtmlAcceptanceTestReporter@46cb98a3: Generating report for test outcome: Duckduckgo automated test:Navigating to duck duck go and search for the gov.uk website

15:42:40.637 [main] INFO  i.c.core.plugin.SerenityReporter - Cleanup test resources for URI file:///Users/ryan/Projects/browserstack-integration/src/test/resources/features/UI/duckduckgo.feature

15:42:40.638 [main] INFO  i.c.core.plugin.SerenityReporter - Cleanup test resources for URI file:///Users/ryan/Projects/browserstack-integration/src/test/resources/features/API/ApiTesting.feature


@UITest @all
Scenario: Navigating to duck duck go and search for the gov.uk website &amp#27;[90m# src/test/resources/features/UI/duckduckgo.feature:5&amp#27;[0m
15:42:35.568 [pool-2-thread-2] INFO  i.c.core.plugin.SerenityReporter - Running feature from file:///Users/ryan/Projects/browserstack-integration/src/test/resources/features/UI/duckduckgo.feature
15:42:35.642 [pool-2-thread-2] INFO   - 
  _____   ___   ___   _____     ___   _____     _     ___   _____   ___   ___  
 |_   _| | __| / __| |_   _|   / __| |_   _|   /_\   | _ \ |_   _| | __| |   \ 
   | |   | _|  \__ \   | |     \__ \   | |    / _ \  |   /   | |   | _|  | |) |
   |_|   |___| |___/   |_|     |___/   |_|   /_/ \_\ |_|_\   |_|   |___| |___/ 

Navigating to duck duck go and search for the gov.uk website(duckduckgo-automated-test;navigating-to-duck-duck-go-and-search-for-the-gov.uk-website)
--------------------------------------------------------------------------------
15:42:36.198 [pool-2-thread-2] INFO  n.s.c.w.d.ChromeDriverProvider - Using automatically driver download
15:42:36.458 [pool-2-thread-2] INFO  i.g.bonigarcia.wdm.WebDriverManager - Using chromedriver 92.0.4515.107 (resolved driver for Chrome 92)
15:42:36.462 [pool-2-thread-2] INFO  i.g.bonigarcia.wdm.WebDriverManager - Exporting webdriver.chrome.driver as /Users/ryan/.cache/selenium/chromedriver/mac64/92.0.4515.107/chromedriver
15:42:36.932 [pool-2-thread-2] INFO  n.s.c.w.d.ProvideNewDriver - Instantiating driver
15:42:36.933 [pool-2-thread-2] INFO  n.s.c.w.d.ProvideNewDriver - Driver capabilities: Capabilities {acceptInsecureCerts: false, browserName: chrome, chrome.switches: --start-maximized;--test-ty..., goog:chromeOptions: {args: [--start-maximized, --test-type, --no-sandbox, --ignore-certificate-errors;\n, --disable-popup-blocking, --disable-default-apps, --disable-extensions-file-a..., --incognito, --disable-infobars, --disable-gpu, --headless], extensions: []}, loggingPrefs: org.openqa.selenium.logging...}
  &amp#27;[32mGiven &amp#27;[0m&amp#27;[32mI navigate to duckduckgo&amp#27;[0m                                       &amp#27;[90m# UI.stepdefinitions.UISteps.navigateToDuckDuckGo()&amp#27;[0m
  &amp#27;[32mWhen &amp#27;[0m&amp#27;[32mI enter "&amp#27;[0m&amp#27;[32m&amp#27;[1mHM Revenue & Customs - GOV.UK&amp#27;[0m&amp#27;[32m" in the search field&amp#27;[0m     &amp#27;[90m# UI.stepdefinitions.UISteps.searchFor(java.lang.String)&amp#27;[0m
  &amp#27;[32mAnd &amp#27;[0m&amp#27;[32mI press the search button&amp#27;[0m                                        &amp#27;[90m# UI.stepdefinitions.UISteps.pressButton()&amp#27;[0m
  &amp#27;[32mAnd &amp#27;[0m&amp#27;[32mI select the first link&amp#27;[0m                                          &amp#27;[90m# UI.stepdefinitions.UISteps.clickFirstLinkFromResults()&amp#27;[0m
  &amp#27;[32mThen &amp#27;[0m&amp#27;[32mThe header is "&amp#27;[0m&amp#27;[32m&amp#27;[1mHM Revenue & Customs&amp#27;[0m&amp#27;[32m"&amp#27;[0m                            &amp#27;[90m# UI.stepdefinitions.UISteps.checkPageHeader(java.lang.String)&amp#27;[0m
15:42:39.848 [pool-2-thread-2] INFO   - 
  _____   ___   ___   _____     ___     _     ___   ___   ___   ___  
 |_   _| | __| / __| |_   _|   | _ \   /_\   / __| / __| | __| |   \ 
   | |   | _|  \__ \   | |     |  _/  / _ \  \__ \ \__ \ | _|  | |) |
   |_|   |___| |___/   |_|     |_|   /_/ \_\ |___/ |___/ |___| |___/ 

Navigating to duck duck go and search for the gov.uk website
----------------------------------------------------------------------
]]></system-out>
    <system-err><![CDATA[Starting ChromeDriver 92.0.4515.107 (87a818b10553a07434ea9e2b6dccf3cbe7895134-refs/branch-heads/4515@{#1634}) on port 13433
Only local connections are allowed.
Please see https://chromedriver.chromium.org/security-considerations for suggestions on keeping ChromeDriver safe.
ChromeDriver was started successfully.
Aug 02, 2021 3:42:37 PM org.openqa.selenium.remote.ProtocolHandshake createSession
INFO: Detected dialect: W3C
]]></system-err>
  </testcase>
</testsuite>